2025-08-15 10:32:32,667 - INFO - Loading data from synthetic_coffee_dataset.csv
2025-08-15 10:32:32,682 - INFO - Data loaded. Train shape: (600, 9), Test shape: (150, 9)
2025-08-15 10:32:32,682 - INFO - Starting model training...
2025-08-15 10:32:32,924 - INFO - Model training completed
2025-08-15 10:32:32,924 - INFO - Evaluating model...
2025-08-15 10:32:32,929 - INFO - Test RMSE: 0.6194
2025-08-15 10:32:32,929 - INFO - Test R²: 0.6746
2025-08-15 10:32:32,929 - INFO - Test MAPE: 9.56%
2025-08-15 10:32:32,929 - INFO - 
Top 10 important features:
2025-08-15 10:32:32,929 - WARNING - Could not log feature importances: object of type 'NoneType' has no len()
2025-08-15 10:32:32,933 - INFO - Model saved to models/coffee_flavor_model_20250815_103232.pkl
2025-08-15 10:32:32,933 - INFO - 
Training completed successfully!
2025-08-15 10:32:32,933 - INFO - Model saved to: models/coffee_flavor_model_20250815_103232.pkl
2025-08-15 10:32:32,933 - INFO - Final Test RMSE: 0.6194, R²: 0.6746
2025-08-15 10:32:44,400 - INFO - Loading model: models/coffee_flavor_model_20250815_103232.pkl
2025-08-15 10:32:44,410 - INFO - Successfully loaded model from models/coffee_flavor_model_20250815_103232.pkl
2025-08-15 10:34:34,810 - ERROR - Error loading model: Can't get attribute 'AdvancedFeatureEngineering' on <module '__main__' from '/Users/hrk84ya/Developer/Coffee/test_predictions.py'>
Traceback (most recent call last):
  File "/Users/hrk84ya/Developer/Coffee/improved_predict.py", line 50, in load_model
    self.model = joblib.load(model_path)
                 ^^^^^^^^^^^^^^^^^^^^^^^
  File "/opt/anaconda3/lib/python3.12/site-packages/joblib/numpy_pickle.py", line 749, in load
    obj = _unpickle(
          ^^^^^^^^^^
  File "/opt/anaconda3/lib/python3.12/site-packages/joblib/numpy_pickle.py", line 626, in _unpickle
    obj = unpickler.load()
          ^^^^^^^^^^^^^^^^
  File "/opt/anaconda3/lib/python3.12/pickle.py", line 1205, in load
    dispatch[key[0]](self)
  File "/opt/anaconda3/lib/python3.12/pickle.py", line 1530, in load_stack_global
    self.append(self.find_class(module, name))
                ^^^^^^^^^^^^^^^^^^^^^^^^^^^^^
  File "/opt/anaconda3/lib/python3.12/pickle.py", line 1574, in find_class
    return _getattribute(sys.modules[module], name)[0]
           ^^^^^^^^^^^^^^^^^^^^^^^^^^^^^^^^^^^^^^^^
  File "/opt/anaconda3/lib/python3.12/pickle.py", line 325, in _getattribute
    raise AttributeError("Can't get attribute {!r} on {!r}"
AttributeError: Can't get attribute 'AdvancedFeatureEngineering' on <module '__main__' from '/Users/hrk84ya/Developer/Coffee/test_predictions.py'>
